<?xml version="1.0" encoding="UTF-8"?>
<testng-results ignored="0" total="1" passed="1" failed="0" skipped="0">
  <reporter-output>
  </reporter-output>
  <suite started-at="2022-10-05T11:51:03 EDT" name="All Test Suite" finished-at="2022-10-05T11:51:04 EDT" duration-ms="966">
    <groups>
      <group name="cucumber">
        <method signature="AbstractTestNGCucumberTests.runScenario(io.cucumber.testng.PickleWrapper,io.cucumber.testng.FeatureWrapper)[pri:0, instance:Runner.Run@56528192]" name="runScenario" class="io.cucumber.testng.AbstractTestNGCucumberTests"/>
      </group> <!-- cucumber -->
    </groups>
    <test started-at="2022-10-05T11:51:03 EDT" name="C:/Users/ManuJohn/IdeaProjects/CucumberBasics" finished-at="2022-10-05T11:51:04 EDT" duration-ms="966">
      <class name="Runner.Run">
        <test-method is-config="true" signature="setUpClass(org.testng.ITestContext)[pri:0, instance:Runner.Run@56528192]" started-at="2022-10-05T11:51:03 EDT" name="setUpClass" finished-at="2022-10-05T11:51:03 EDT" duration-ms="569" status="PASS">
          <params>
            <param index="0">
              <value>
                <![CDATA[org.testng.TestRunner@470a659f]]>
              </value>
            </param>
          </params>
          <reporter-output>
          </reporter-output>
        </test-method> <!-- setUpClass -->
        <test-method signature="runScenario(io.cucumber.testng.PickleWrapper,io.cucumber.testng.FeatureWrapper)[pri:0, instance:Runner.Run@56528192]" started-at="2022-10-05T11:51:03 EDT" name="runScenario" description="Runs Cucumber Scenarios" data-provider="scenarios" finished-at="2022-10-05T11:51:03 EDT" duration-ms="114" status="PASS">
          <params>
            <param index="0">
              <value>
                <![CDATA["Login to Instagram as a user form datatable feature"]]>
              </value>
            </param>
            <param index="1">
              <value>
                <![CDATA["Login feature"]]>
              </value>
            </param>
          </params>
          <reporter-output>
          </reporter-output>
        </test-method> <!-- runScenario -->
        <test-method is-config="true" signature="tearDownClass()[pri:0, instance:Runner.Run@56528192]" started-at="2022-10-05T11:51:03 EDT" name="tearDownClass" finished-at="2022-10-05T11:51:04 EDT" duration-ms="252" status="PASS">
          <reporter-output>
          </reporter-output>
        </test-method> <!-- tearDownClass -->
      </class> <!-- Runner.Run -->
    </test> <!-- C:/Users/ManuJohn/IdeaProjects/CucumberBasics -->
  </suite> <!-- All Test Suite -->
</testng-results>
